----------

Sun Sep 06 2020 21:01:16 GMT-0400 (Eastern Daylight Time)

sed: can't read pack_version.html: No such file or directory


----------

Sun Sep 06 2020 21:01:16 GMT-0400 (Eastern Daylight Time)

sed: can't read pack_version.html: No such file or directory


----------

Sun Sep 06 2020 21:01:59 GMT-0400 (Eastern Daylight Time)

sed: can't read pack_version.html: No such file or directory


----------

Sun Sep 06 2020 21:01:59 GMT-0400 (Eastern Daylight Time)

sed: can't read pack_version.html: No such file or directory


----------

Sun Sep 06 2020 21:02:07 GMT-0400 (Eastern Daylight Time)

sed: can't read pack.html: No such file or directory


----------

Sun Sep 06 2020 21:02:07 GMT-0400 (Eastern Daylight Time)

sed: can't read pack.html: No such file or directory


----------

Sun Sep 06 2020 21:02:07 GMT-0400 (Eastern Daylight Time)

sed: can't read pack_version.html: No such file or directory


----------

Sun Sep 06 2020 21:02:07 GMT-0400 (Eastern Daylight Time)

sed: can't read pack_version.html: No such file or directory


----------

Sun Sep 06 2020 21:02:36 GMT-0400 (Eastern Daylight Time)

sed: can't read pack_version.html: No such file or directory


----------

Sun Sep 06 2020 21:02:36 GMT-0400 (Eastern Daylight Time)

sed: can't read pack_version.html: No such file or directory


----------

Sun Sep 06 2020 21:03:11 GMT-0400 (Eastern Daylight Time)

sed: can't read pack_version.html: No such file or directory


----------

Sun Sep 06 2020 21:03:11 GMT-0400 (Eastern Daylight Time)

sed: can't read pack_version.html: No such file or directory


----------

Sun Sep 06 2020 21:03:53 GMT-0400 (Eastern Daylight Time)

sed: can't read pack_version.html: No such file or directory


----------

Sun Sep 06 2020 21:03:53 GMT-0400 (Eastern Daylight Time)

sed: can't read pack_version.html: No such file or directory


----------

Sun Sep 06 2020 21:05:29 GMT-0400 (Eastern Daylight Time)

sed: can't read pack_version.html: No such file or directory


----------

Sun Sep 06 2020 21:05:29 GMT-0400 (Eastern Daylight Time)

sed: can't read pack_version.html: No such file or directory


----------

Sun Sep 06 2020 21:06:21 GMT-0400 (Eastern Daylight Time)

Script /home/parkerhanegan/Git/GitHub/ftbmeta/FTBMeta/BootstrapExport.sh couldn't be run

